[WM_GETMINMAXINFO] hWnd=0000000000200B6A, td=0000000000000000
[WM_NCCREATE] hWnd=0000000000200B6A, my_td=00007FF612D30B80
[WM_NCCREATE] SetWindowLong completed, returning TRUE
[WM_CREATE] hWnd=0000000000200B6A
[WM_GETMINMAXINFO] hWnd=0000000000120AB2, td=0000000000000000
[WM_NCCREATE] hWnd=0000000000120AB2, my_td=00007FF612D30B80
[WM_NCCREATE] SetWindowLong completed, returning TRUE
[WM_CREATE] hWnd=0000000000120AB2
[MSG 0x0024] hWnd=0000000000AE0474, td=0000000000000000
[WM_GETMINMAXINFO] hWnd=0000000000AE0474, td=0000000000000000
[MSG 0x0081] hWnd=0000000000AE0474, td=0000000000000000
[WM_NCCREATE] hWnd=0000000000AE0474, my_td=00007FF75FB00B80
[WM_NCCREATE] SetWindowLong completed, returning TRUE
[MSG 0x0001] hWnd=0000000000AE0474, td=000000005FB00B80
[WM_CREATE] hWnd=0000000000AE0474
[MSG 0x0018] hWnd=0000000000AE0474, td=000000005FB00B80
[MSG 0x0046] hWnd=0000000000AE0474, td=000000005FB00B80
[MSG 0x0046] hWnd=0000000000AE0474, td=000000005FB00B80
[MSG 0x0006] hWnd=0000000000AE0474, td=000000005FB00B80
[MSG 0x0047] hWnd=0000000000AE0474, td=000000005FB00B80
[MSG 0x0005] hWnd=0000000000AE0474, td=000000005FB00B80
[MSG 0x0024] hWnd=00000000001C0AB0, td=0000000000000000
[WM_GETMINMAXINFO] hWnd=00000000001C0AB0, td=0000000000000000
[MSG 0x0081] hWnd=00000000001C0AB0, td=0000000000000000
[WM_NCCREATE] hWnd=00000000001C0AB0, my_td=00007FF7E8390B80
[WM_NCCREATE] SetWindowLong completed, returning TRUE
[MSG 0x0001] hWnd=00000000001C0AB0, td=FFFFFFFFE8390B80
[WM_CREATE] hWnd=00000000001C0AB0
[MSG 0x0018] hWnd=00000000001C0AB0, td=FFFFFFFFE8390B80
[MSG 0x0046] hWnd=00000000001C0AB0, td=FFFFFFFFE8390B80
[MSG 0x0046] hWnd=00000000001C0AB0, td=FFFFFFFFE8390B80
[MSG 0x0006] hWnd=00000000001C0AB0, td=FFFFFFFFE8390B80
[MSG 0x0047] hWnd=00000000001C0AB0, td=FFFFFFFFE8390B80
[MSG 0x0005] hWnd=00000000001C0AB0, td=FFFFFFFFE8390B80
[MSG 0x0024] hWnd=0000000000B00474, td=0000000000000000
[WM_GETMINMAXINFO] hWnd=0000000000B00474, td=0000000000000000
[MSG 0x0081] hWnd=0000000000B00474, td=0000000000000000
[WM_NCCREATE] hWnd=0000000000B00474, my_td=00007FF6A6040B80
[WM_NCCREATE] SetWindowLong completed, returning TRUE
[MSG 0x0001] hWnd=0000000000B00474, td=FFFFFFFFA6040B80
[WM_CREATE] hWnd=0000000000B00474
[MSG 0x0018] hWnd=0000000000B00474, td=FFFFFFFFA6040B80
[MSG 0x0046] hWnd=0000000000B00474, td=FFFFFFFFA6040B80
[MSG 0x0046] hWnd=0000000000B00474, td=FFFFFFFFA6040B80
[MSG 0x0006] hWnd=0000000000B00474, td=FFFFFFFFA6040B80
[MSG 0x0047] hWnd=0000000000B00474, td=FFFFFFFFA6040B80
[MSG 0x0005] hWnd=0000000000B00474, td=FFFFFFFFA6040B80
[MSG 0x0024] hWnd=00000000001F0AB0, td=0000000000000000
[WM_GETMINMAXINFO] hWnd=00000000001F0AB0, td=0000000000000000
[MSG 0x0081] hWnd=00000000001F0AB0, td=0000000000000000
[WM_NCCREATE] hWnd=00000000001F0AB0, my_td=00007FF601040B80
[WM_NCCREATE] SetWindowLong completed, returning TRUE
[MSG 0x0001] hWnd=00000000001F0AB0, td=0000000001040B80
[WM_CREATE] hWnd=00000000001F0AB0
[MSG 0x0018] hWnd=00000000001F0AB0, td=0000000001040B80
[MSG 0x0046] hWnd=00000000001F0AB0, td=0000000001040B80
[MSG 0x0046] hWnd=00000000001F0AB0, td=0000000001040B80
[MSG 0x0006] hWnd=00000000001F0AB0, td=0000000001040B80
[MSG 0x0047] hWnd=00000000001F0AB0, td=0000000001040B80
[MSG 0x0005] hWnd=00000000001F0AB0, td=0000000001040B80
[MSG 0x0003] hWnd=00000000001F0AB0, td=0000000001040B80
[CreateWindowEx RETURNED] hWnd=00000000001F0AB0
[MSG 0x0024] hWnd=0000000000B60474, td=0000000000000000
[WM_GETMINMAXINFO] hWnd=0000000000B60474, td=0000000000000000
[MSG 0x0081] hWnd=0000000000B60474, td=0000000000000000
[WM_NCCREATE] hWnd=0000000000B60474, my_td=00007FF7C5150B80
[WM_NCCREATE] SetWindowLong completed, returning TRUE
[MSG 0x0001] hWnd=0000000000B60474, td=FFFFFFFFC5150B80
[WM_CREATE] hWnd=0000000000B60474
[MSG 0x0018] hWnd=0000000000B60474, td=FFFFFFFFC5150B80
[MSG 0x0046] hWnd=0000000000B60474, td=FFFFFFFFC5150B80
[MSG 0x0046] hWnd=0000000000B60474, td=FFFFFFFFC5150B80
[MSG 0x0006] hWnd=0000000000B60474, td=FFFFFFFFC5150B80
[MSG 0x0047] hWnd=0000000000B60474, td=FFFFFFFFC5150B80
[MSG 0x0005] hWnd=0000000000B60474, td=FFFFFFFFC5150B80
[MSG 0x0003] hWnd=0000000000B60474, td=FFFFFFFFC5150B80
[CreateWindowEx RETURNED] hWnd=0000000000B60474
[MSG 0x0024] hWnd=0000000000220AB0, td=0000000000000000
[WM_GETMINMAXINFO] hWnd=0000000000220AB0, td=0000000000000000
[MSG 0x0081] hWnd=0000000000220AB0, td=0000000000000000
[WM_NCCREATE] hWnd=0000000000220AB0, my_td=00007FF6B6170B80
[WM_NCCREATE] SetWindowLong completed, returning TRUE
[MSG 0x0001] hWnd=0000000000220AB0, td=FFFFFFFFB6170B80
[WM_CREATE] hWnd=0000000000220AB0
[MSG 0x0018] hWnd=0000000000220AB0, td=FFFFFFFFB6170B80
[MSG 0x0046] hWnd=0000000000220AB0, td=FFFFFFFFB6170B80
[MSG 0x0046] hWnd=0000000000220AB0, td=FFFFFFFFB6170B80
[MSG 0x0006] hWnd=0000000000220AB0, td=FFFFFFFFB6170B80
[MSG 0x0047] hWnd=0000000000220AB0, td=FFFFFFFFB6170B80
[MSG 0x0005] hWnd=0000000000220AB0, td=FFFFFFFFB6170B80
[MSG 0x0003] hWnd=0000000000220AB0, td=FFFFFFFFB6170B80
[CreateWindowEx RETURNED] hWnd=0000000000220AB0
[MSG 0x0024] hWnd=0000000000B80474, td=0000000000000000
[WM_GETMINMAXINFO] hWnd=0000000000B80474, td=0000000000000000
[MSG 0x0081] hWnd=0000000000B80474, td=0000000000000000
[WM_NCCREATE] hWnd=0000000000B80474, my_td=00007FF629FF0B80
[WM_NCCREATE] SetWindowLong completed, returning TRUE
[MSG 0x0001] hWnd=0000000000B80474, td=0000000029FF0B80
[WM_CREATE] hWnd=0000000000B80474
[MSG 0x0018] hWnd=0000000000B80474, td=0000000029FF0B80
[MSG 0x0046] hWnd=0000000000B80474, td=0000000029FF0B80
[MSG 0x0046] hWnd=0000000000B80474, td=0000000029FF0B80
[MSG 0x0006] hWnd=0000000000B80474, td=0000000029FF0B80
[MSG 0x0047] hWnd=0000000000B80474, td=0000000029FF0B80
[MSG 0x0005] hWnd=0000000000B80474, td=0000000029FF0B80
[MSG 0x0003] hWnd=0000000000B80474, td=0000000029FF0B80
[CreateWindowEx RETURNED] hWnd=0000000000B80474
[MSG 0x0024] hWnd=0000000000240AB0, td=0000000000000000
[WM_GETMINMAXINFO] hWnd=0000000000240AB0, td=0000000000000000
[MSG 0x0081] hWnd=0000000000240AB0, td=0000000000000000
[WM_NCCREATE] hWnd=0000000000240AB0, my_td=00007FF615E60B80
[WM_NCCREATE] SetWindowLong completed, returning TRUE
[MSG 0x0001] hWnd=0000000000240AB0, td=0000000015E60B80
[WM_CREATE] hWnd=0000000000240AB0
[MSG 0x0018] hWnd=0000000000240AB0, td=0000000015E60B80
[MSG 0x0046] hWnd=0000000000240AB0, td=0000000015E60B80
[MSG 0x0046] hWnd=0000000000240AB0, td=0000000015E60B80
[MSG 0x0006] hWnd=0000000000240AB0, td=0000000015E60B80
[MSG 0x0047] hWnd=0000000000240AB0, td=0000000015E60B80
[MSG 0x0005] hWnd=0000000000240AB0, td=0000000015E60B80
[MSG 0x0003] hWnd=0000000000240AB0, td=0000000015E60B80
[CreateWindowEx RETURNED] hWnd=0000000000240AB0
[MSG 0x0024] hWnd=0000000000BB0474, td=0000000000000000
[WM_GETMINMAXINFO] hWnd=0000000000BB0474, td=0000000000000000
[MSG 0x0081] hWnd=0000000000BB0474, td=0000000000000000
[WM_NCCREATE] hWnd=0000000000BB0474, my_td=00007FF7D7F81140
[WM_NCCREATE] SetWindowLong completed, returning TRUE
[MSG 0x0001] hWnd=0000000000BB0474, td=FFFFFFFFD7F81140
[WM_CREATE] hWnd=0000000000BB0474
[MSG 0x0018] hWnd=0000000000BB0474, td=FFFFFFFFD7F81140
[MSG 0x0046] hWnd=0000000000BB0474, td=FFFFFFFFD7F81140
[MSG 0x0046] hWnd=0000000000BB0474, td=FFFFFFFFD7F81140
[MSG 0x0006] hWnd=0000000000BB0474, td=FFFFFFFFD7F81140
[MSG 0x0047] hWnd=0000000000BB0474, td=FFFFFFFFD7F81140
[MSG 0x0005] hWnd=0000000000BB0474, td=FFFFFFFFD7F81140
[MSG 0x0003] hWnd=0000000000BB0474, td=FFFFFFFFD7F81140
[CreateWindowEx RETURNED] hWnd=0000000000BB0474
[handle_wm_paint] hWnd=0000000000BB0474
[handle_wm_paint] td=FFFFFFFFD7F81140
[MSG 0x0024] hWnd=0000000000640BD8, td=0000000000000000
[WM_GETMINMAXINFO] hWnd=0000000000640BD8, td=0000000000000000
[MSG 0x0081] hWnd=0000000000640BD8, td=0000000000000000
[WM_NCCREATE] hWnd=0000000000640BD8, my_td=00007FF7E1ED1140
[WM_NCCREATE] SetWindowLongPtr completed, returning TRUE
[MSG 0x0001] hWnd=0000000000640BD8, td=0000000000000000
[WM_CREATE] hWnd=0000000000640BD8
[MSG 0x0018] hWnd=0000000000640BD8, td=0000000000000000
[MSG 0x0046] hWnd=0000000000640BD8, td=0000000000000000
[MSG 0x0046] hWnd=0000000000640BD8, td=0000000000000000
[MSG 0x0006] hWnd=0000000000640BD8, td=0000000000000000
[MSG 0x0047] hWnd=0000000000640BD8, td=0000000000000000
[MSG 0x0005] hWnd=0000000000640BD8, td=0000000000000000
[MSG 0x0003] hWnd=0000000000640BD8, td=0000000000000000
[CreateWindowEx RETURNED] hWnd=0000000000640BD8
[handle_wm_paint] hWnd=0000000000640BD8
[handle_wm_paint] td=0000000000000000
[handle_wm_paint] td is NULL, doing minimal paint
[MSG 0x0046] hWnd=0000000000640BD8, td=0000000000000000
[MSG 0x0024] hWnd=0000000000290AB0, td=0000000000000000
[WM_GETMINMAXINFO] hWnd=0000000000290AB0, td=0000000000000000
[MSG 0x0081] hWnd=0000000000290AB0, td=0000000000000000
[WM_NCCREATE] hWnd=0000000000290AB0, my_td=00007FF7107D1140
[WM_NCCREATE] SetWindowLongPtr completed, returning TRUE
[MSG 0x0001] hWnd=0000000000290AB0, td=0000000000000000
[WM_CREATE] hWnd=0000000000290AB0
[MSG 0x0018] hWnd=0000000000290AB0, td=0000000000000000
[MSG 0x0046] hWnd=0000000000290AB0, td=0000000000000000
[MSG 0x0046] hWnd=0000000000290AB0, td=0000000000000000
[MSG 0x0006] hWnd=0000000000290AB0, td=0000000000000000
[MSG 0x0047] hWnd=0000000000290AB0, td=0000000000000000
[MSG 0x0005] hWnd=0000000000290AB0, td=0000000000000000
[MSG 0x0003] hWnd=0000000000290AB0, td=0000000000000000
[CreateWindowEx RETURNED] hWnd=0000000000290AB0
[handle_wm_paint] hWnd=0000000000290AB0
[handle_wm_paint] td=0000000000000000
[handle_wm_paint] td is NULL, doing minimal paint
[MSG 0x0046] hWnd=0000000000290AB0, td=0000000000000000
[MSG 0x0024] hWnd=0000000000740BA2, td=0000000000000000
[WM_GETMINMAXINFO] hWnd=0000000000740BA2, td=0000000000000000
[MSG 0x0081] hWnd=0000000000740BA2, td=0000000000000000
[WM_NCCREATE] hWnd=0000000000740BA2, my_td=00007FF7107D1140
[WM_NCCREATE] SetWindowLongPtr completed, returning TRUE
[MSG 0x0001] hWnd=0000000000740BA2, td=0000000000000000
[WM_CREATE] hWnd=0000000000740BA2
[MSG 0x0018] hWnd=0000000000740BA2, td=0000000000000000
[MSG 0x0046] hWnd=0000000000740BA2, td=0000000000000000
[MSG 0x0046] hWnd=0000000000740BA2, td=0000000000000000
[MSG 0x0006] hWnd=0000000000740BA2, td=0000000000000000
[MSG 0x0047] hWnd=0000000000740BA2, td=0000000000000000
[MSG 0x0005] hWnd=0000000000740BA2, td=0000000000000000
[MSG 0x0003] hWnd=0000000000740BA2, td=0000000000000000
[CreateWindowEx RETURNED] hWnd=0000000000740BA2
[handle_wm_paint] hWnd=0000000000740BA2
[handle_wm_paint] td=0000000000000000
[handle_wm_paint] td is NULL, doing minimal paint
[MSG 0x0046] hWnd=0000000000740BA2, td=0000000000000000
